{
  "RSpec": {
    "coverage": {
      "/home/ultimate-markup-0454/tic-tac-toe-rb-online-web-sp-000/lib/tic_tac_toe.rb": [
        null,
        1,
        null,
        null,
        null,
        null,
        null,
        null,
        null,
        null,
        null,
        1,
        18,
        18,
        18,
        18,
        18,
        null,
        null,
        1,
        18,
        null,
        null,
        1,
        18,
        null,
        null,
        1,
        115,
        null,
        null,
        1,
        18,
        null,
        null,
        1,
        18,
        18,
        162,
        27,
        null,
        null,
        18,
        null,
        null,
        1,
        18,
        11,
        null,
        7,
        null,
        null,
        null,
        null,
        1,
        18,
        18,
        18,
        18,
        18,
        18,
        null,
        0,
        null,
        null,
        null,
        null,
        1,
        42,
        42,
        279,
        12,
        null,
        null,
        null,
        null,
        null,
        1,
        28,
        112,
        null,
        null,
        null,
        null,
        1,
        17,
        null,
        null,
        null,
        1,
        19,
        null,
        null,
        null,
        1,
        11,
        11,
        null,
        null,
        4,
        4,
        null,
        null,
        null,
        null,
        null,
        1,
        12,
        18,
        null,
        12,
        12,
        5,
        7,
        7,
        null,
        null
      ]
    },
    "timestamp": 1618279018
  }
}
